<?xml version="1.0" encoding="UTF-8"?>
<!-- Generated by org.testng.reporters.JUnitXMLReporter -->
<testsuite hostname="SK" name="Default test" tests="0" failures="0" timestamp="11 Nov 2015 07:54:06 GMT" time="0.03" errors="0">
  <testcase name="@BeforeSuite setupChromeAndIEDriverProps" time="0.0" classname="com.diw.test.TutorLoginPageTest">
    <failure type="org.testng.TestNGException" message="
Parameter &amp;apos;chrome-driver-path&amp;apos; is required by @Configuration on method setupChromeAndIEDriverProps but has not been marked @Optional or defined
in C:\Users\Shiva\AppData\Local\Temp\testng-eclipse-880444592\testng-customsuite.xml">
      <![CDATA[org.testng.TestNGException: 
Parameter 'chrome-driver-path' is required by @Configuration on method setupChromeAndIEDriverProps but has not been marked @Optional or defined
in C:\Users\Shiva\AppData\Local\Temp\testng-eclipse-880444592\testng-customsuite.xml
	at org.testng.internal.Parameters.createParameters(Parameters.java:155)
	at org.testng.internal.Parameters.createParameters(Parameters.java:358)
	at org.testng.internal.Parameters.createConfigurationParameters(Parameters.java:86)
	at org.testng.internal.Invoker.invokeConfigurations(Invoker.java:199)
	at org.testng.internal.Invoker.invokeConfigurations(Invoker.java:138)
	at org.testng.SuiteRunner.privateRun(SuiteRunner.java:277)
	at org.testng.SuiteRunner.run(SuiteRunner.java:240)
	at org.testng.SuiteRunnerWorker.runSuite(SuiteRunnerWorker.java:52)
	at org.testng.SuiteRunnerWorker.run(SuiteRunnerWorker.java:86)
	at org.testng.TestNG.runSuitesSequentially(TestNG.java:1224)
	at org.testng.TestNG.runSuitesLocally(TestNG.java:1149)
	at org.testng.TestNG.run(TestNG.java:1057)
	at org.testng.remote.RemoteTestNG.run(RemoteTestNG.java:111)
	at org.testng.remote.RemoteTestNG.initAndRun(RemoteTestNG.java:204)
	at org.testng.remote.RemoteTestNG.main(RemoteTestNG.java:175)
]]>
    </failure>
  </testcase> <!-- @BeforeSuite setupChromeAndIEDriverProps -->
  <testcase name="@BeforeClass setup" time="0.0" classname="com.diw.test.TutorLoginPageTest">
    <skipped/>
  </testcase> <!-- @BeforeClass setup -->
  <testcase name="@BeforeClass store" time="0.0" classname="com.diw.test.TutorLoginPageTest">
    <skipped/>
  </testcase> <!-- @BeforeClass store -->
  <testcase name="@BeforeClass setDriver" time="0.0" classname="com.diw.test.TutorLoginPageTest">
    <skipped/>
  </testcase> <!-- @BeforeClass setDriver -->
  <testcase name="@AfterTest t1" time="0.0" classname="com.diw.test.TutorLoginPageTest">
    <skipped/>
  </testcase> <!-- @AfterTest t1 -->
</testsuite> <!-- Default test -->
